mqtt client has connected!
changing screen n.7 of Arduino n.2
mqtt client has connected!
leaf backend is listening on port 3000!
changing screen n.1 of Arduino n.3
new sentence is sasdsadasfsdf kjafoiuabf jdsafb ljadfl jarfu biawfblahsfb sb fhbasl fddsf
changing screen n.7 of Arduino n.1
new sentence is adesso posso aggiungere un nuovo messaggio
changing screen n.7 of Arduino n.2
new sentence is ioioiooiooiiooii
changing screen n.1 of Arduino n.0
new sentence is adesso posso aggiungere un nuovo messaggio
changing screen n.1 of Arduino n.4
new sentence is ciao gino
changing screen n.7 of Arduino n.3
new sentence is adesso posso aggiungere un nuovo messaggio
changing screen n.0 of Arduino n.3
new sentence is ioioiooiooiiooii
changing screen n.5 of Arduino n.0
new sentence is sasdsadasfsdf kjafoiuabf jdsafb ljadfl jarfu biawfblahsfb sb fhbasl fddsf
changing screen n.4 of Arduino n.4
new sentence is sasdsadasfsdf kjafoiuabf jdsafb ljadfl jarfu biawfblahsfb sb fhbasl fddsf
changing screen n.3 of Arduino n.2
new sentence is adesso posso aggiungere un nuovo messaggio
changing screen n.7 of Arduino n.4
new sentence is ciao gino
changing screen n.1 of Arduino n.0
new sentence is ioioiooiooiiooii
changing screen n.6 of Arduino n.1
new sentence is ioioiooiooiiooii
changing screen n.4 of Arduino n.3
new sentence is ioioiooiooiiooii
changing screen n.7 of Arduino n.4
new sentence is ioioiooiooiiooii
changing screen n.4 of Arduino n.4
new sentence is ciao gino
changing screen n.5 of Arduino n.2
new sentence is ioioiooiooiiooii
changing screen n.1 of Arduino n.3
new sentence is sasdsadasfsdf kjafoiuabf jdsafb ljadfl jarfu biawfblahsfb sb fhbasl fddsf
changing screen n.4 of Arduino n.1
new sentence is adesso posso aggiungere un nuovo messaggio
changing screen n.3 of Arduino n.0
new sentence is adesso posso aggiungere un nuovo messaggio
changing screen n.5 of Arduino n.1
new sentence is ciao gino
changing screen n.7 of Arduino n.3
new sentence is sasdsadasfsdf kjafoiuabf jdsafb ljadfl jarfu biawfblahsfb sb fhbasl fddsf
changing screen n.1 of Arduino n.3
new sentence is ioioiooiooiiooii
changing screen n.7 of Arduino n.0
new sentence is adesso posso aggiungere un nuovo messaggio
changing screen n.3 of Arduino n.3
new sentence is adesso posso aggiungere un nuovo messaggio
changing screen n.3 of Arduino n.4
changing screen n.0 of Arduino n.3
new sentence is adesso posso aggiungere un nuovo messaggio
changing screen n.3 of Arduino n.2
new sentence is sasdsadasfsdf kjafoiuabf jdsafb ljadfl jarfu biawfblahsfb sb fhbasl fddsf
new sentence is ioioiooiooiiooii
changing screen n.2 of Arduino n.0
new sentence is adesso posso aggiungere un nuovo messaggio
changing screen n.6 of Arduino n.4
new sentence is adesso posso aggiungere un nuovo messaggio
changing screen n.4 of Arduino n.2
new sentence is sasdsadasfsdf kjafoiuabf jdsafb ljadfl jarfu biawfblahsfb sb fhbasl fddsf
changing screen n.0 of Arduino n.4
new sentence is ioioiooiooiiooii
changing screen n.2 of Arduino n.4
new sentence is ioioiooiooiiooii
changing screen n.1 of Arduino n.2
new sentence is sasdsadasfsdf kjafoiuabf jdsafb ljadfl jarfu biawfblahsfb sb fhbasl fddsf
changing screen n.3 of Arduino n.4
new sentence is ciao gino
changing screen n.1 of Arduino n.2
new sentence is ioioiooiooiiooii
changing screen n.3 of Arduino n.3
new sentence is sasdsadasfsdf kjafoiuabf jdsafb ljadfl jarfu biawfblahsfb sb fhbasl fddsf
changing screen n.6 of Arduino n.3
new sentence is ioioiooiooiiooii
changing screen n.5 of Arduino n.0
new sentence is ioioiooiooiiooii
changing screen n.6 of Arduino n.1
new sentence is sasdsadasfsdf kjafoiuabf jdsafb ljadfl jarfu biawfblahsfb sb fhbasl fddsf
changing screen n.0 of Arduino n.4
new sentence is sasdsadasfsdf kjafoiuabf jdsafb ljadfl jarfu biawfblahsfb sb fhbasl fddsf
changing screen n.4 of Arduino n.0
new sentence is sasdsadasfsdf kjafoiuabf jdsafb ljadfl jarfu biawfblahsfb sb fhbasl fddsf
changing screen n.2 of Arduino n.2
new sentence is adesso posso aggiungere un nuovo messaggio
changing screen n.6 of Arduino n.3
new sentence is sasdsadasfsdf kjafoiuabf jdsafb ljadfl jarfu biawfblahsfb sb fhbasl fddsf
changing screen n.5 of Arduino n.0
new sentence is ioioiooiooiiooii
changing screen n.0 of Arduino n.2
new sentence is ioioiooiooiiooii
changing screen n.0 of Arduino n.0
new sentence is sasdsadasfsdf kjafoiuabf jdsafb ljadfl jarfu biawfblahsfb sb fhbasl fddsf
changing screen n.6 of Arduino n.2
new sentence is ioioiooiooiiooii
changing screen n.7 of Arduino n.4
new sentence is sasdsadasfsdf kjafoiuabf jdsafb ljadfl jarfu biawfblahsfb sb fhbasl fddsf
changing screen n.5 of Arduino n.3
new sentence is adesso posso aggiungere un nuovo messaggio
changing screen n.2 of Arduino n.3
new sentence is sasdsadasfsdf kjafoiuabf jdsafb ljadfl jarfu biawfblahsfb sb fhbasl fddsf
changing screen n.1 of Arduino n.3
new sentence is sasdsadasfsdf kjafoiuabf jdsafb ljadfl jarfu biawfblahsfb sb fhbasl fddsf
changing screen n.2 of Arduino n.4
new sentence is adesso posso aggiungere un nuovo messaggio
changing screen n.1 of Arduino n.4
new sentence is ciao gino
changing screen n.0 of Arduino n.3
new sentence is sasdsadasfsdf kjafoiuabf jdsafb ljadfl jarfu biawfblahsfb sb fhbasl fddsf
changing screen n.3 of Arduino n.0
new sentence is adesso posso aggiungere un nuovo messaggio
changing screen n.0 of Arduino n.1
new sentence is ciao gino
changing screen n.0 of Arduino n.0
new sentence is ciao gino
changing screen n.3 of Arduino n.2
new sentence is ioioiooiooiiooii
changing screen n.2 of Arduino n.1
new sentence is ciao gino
changing screen n.5 of Arduino n.3
new sentence is ioioiooiooiiooii
changing screen n.3 of Arduino n.4
new sentence is adesso posso aggiungere un nuovo messaggio
changing screen n.6 of Arduino n.2
new sentence is ciao gino
changing screen n.0 of Arduino n.1
new sentence is sasdsadasfsdf kjafoiuabf jdsafb ljadfl jarfu biawfblahsfb sb fhbasl fddsf
changing screen n.6 of Arduino n.2
new sentence is adesso posso aggiungere un nuovo messaggio
changing screen n.0 of Arduino n.0
new sentence is sasdsadasfsdf kjafoiuabf jdsafb ljadfl jarfu biawfblahsfb sb fhbasl fddsf
changing screen n.2 of Arduino n.2
new sentence is adesso posso aggiungere un nuovo messaggio
changing screen n.1 of Arduino n.1
new sentence is adesso posso aggiungere un nuovo messaggio
changing screen n.2 of Arduino n.3
new sentence is ciao gino
changing screen n.7 of Arduino n.4
new sentence is adesso posso aggiungere un nuovo messaggio
changing screen n.1 of Arduino n.0
new sentence is ioioiooiooiiooii
changing screen n.7 of Arduino n.3
new sentence is ioioiooiooiiooii
changing screen n.0 of Arduino n.4
new sentence is sasdsadasfsdf kjafoiuabf jdsafb ljadfl jarfu biawfblahsfb sb fhbasl fddsf
changing screen n.2 of Arduino n.1
new sentence is ciao gino
changing screen n.7 of Arduino n.4
new sentence is sasdsadasfsdf kjafoiuabf jdsafb ljadfl jarfu biawfblahsfb sb fhbasl fddsf
changing screen n.0 of Arduino n.2
new sentence is ioioiooiooiiooii
changing screen n.6 of Arduino n.3
new sentence is ciao gino
changing screen n.4 of Arduino n.1
new sentence is adesso posso aggiungere un nuovo messaggio
changing screen n.6 of Arduino n.3
new sentence is ioioiooiooiiooii
changing screen n.1 of Arduino n.1
new sentence is adesso posso aggiungere un nuovo messaggio
changing screen n.1 of Arduino n.3
new sentence is adesso posso aggiungere un nuovo messaggio
changing screen n.7 of Arduino n.0
new sentence is ioioiooiooiiooii
changing screen n.5 of Arduino n.0
new sentence is sasdsadasfsdf kjafoiuabf jdsafb ljadfl jarfu biawfblahsfb sb fhbasl fddsf
changing screen n.3 of Arduino n.1
new sentence is ciao gino
changing screen n.7 of Arduino n.0
new sentence is ciao gino
changing screen n.3 of Arduino n.0
new sentence is sasdsadasfsdf kjafoiuabf jdsafb ljadfl jarfu biawfblahsfb sb fhbasl fddsf
changing screen n.0 of Arduino n.4
new sentence is ioioiooiooiiooii
changing screen n.6 of Arduino n.3
new sentence is sasdsadasfsdf kjafoiuabf jdsafb ljadfl jarfu biawfblahsfb sb fhbasl fddsf
changing screen n.3 of Arduino n.1
new sentence is ciao gino
changing screen n.0 of Arduino n.1
new sentence is sasdsadasfsdf kjafoiuabf jdsafb ljadfl jarfu biawfblahsfb sb fhbasl fddsf
changing screen n.1 of Arduino n.4
new sentence is ciao gino
changing screen n.5 of Arduino n.0
new sentence is sasdsadasfsdf kjafoiuabf jdsafb ljadfl jarfu biawfblahsfb sb fhbasl fddsf
changing screen n.6 of Arduino n.1
new sentence is ciao gino
changing screen n.4 of Arduino n.3
new sentence is sasdsadasfsdf kjafoiuabf jdsafb ljadfl jarfu biawfblahsfb sb fhbasl fddsf
changing screen n.4 of Arduino n.0
new sentence is ioioiooiooiiooii
changing screen n.1 of Arduino n.4
new sentence is ciao gino
changing screen n.2 of Arduino n.3
new sentence is ioioiooiooiiooii
changing screen n.2 of Arduino n.0
new sentence is adesso posso aggiungere un nuovo messaggio
changing screen n.2 of Arduino n.0
new sentence is ciao gino
changing screen n.3 of Arduino n.3
new sentence is ciao gino
changing screen n.1 of Arduino n.2
new sentence is ciao gino
changing screen n.1 of Arduino n.0
new sentence is sasdsadasfsdf kjafoiuabf jdsafb ljadfl jarfu biawfblahsfb sb fhbasl fddsf
changing screen n.0 of Arduino n.2
new sentence is adesso posso aggiungere un nuovo messaggio
changing screen n.1 of Arduino n.1
new sentence is sasdsadasfsdf kjafoiuabf jdsafb ljadfl jarfu biawfblahsfb sb fhbasl fddsf
changing screen n.6 of Arduino n.0
new sentence is sasdsadasfsdf kjafoiuabf jdsafb ljadfl jarfu biawfblahsfb sb fhbasl fddsf
changing screen n.4 of Arduino n.4
new sentence is ioioiooiooiiooii
changing screen n.2 of Arduino n.1
new sentence is adesso posso aggiungere un nuovo messaggio
changing screen n.1 of Arduino n.2
new sentence is adesso posso aggiungere un nuovo messaggio
changing screen n.5 of Arduino n.2
new sentence is ciao gino
changing screen n.6 of Arduino n.2
new sentence is sasdsadasfsdf kjafoiuabf jdsafb ljadfl jarfu biawfblahsfb sb fhbasl fddsf
changing screen n.7 of Arduino n.0
new sentence is ioioiooiooiiooii
changing screen n.0 of Arduino n.0
new sentence is ciao gino
changing screen n.5 of Arduino n.4
new sentence is ioioiooiooiiooii
changing screen n.1 of Arduino n.2
new sentence is sasdsadasfsdf kjafoiuabf jdsafb ljadfl jarfu biawfblahsfb sb fhbasl fddsf
changing screen n.6 of Arduino n.1
new sentence is sasdsadasfsdf kjafoiuabf jdsafb ljadfl jarfu biawfblahsfb sb fhbasl fddsf
changing screen n.6 of Arduino n.4
new sentence is ioioiooiooiiooii
changing screen n.6 of Arduino n.3
new sentence is ciao gino
changing screen n.7 of Arduino n.0
new sentence is ioioiooiooiiooii
changing screen n.1 of Arduino n.3
new sentence is sasdsadasfsdf kjafoiuabf jdsafb ljadfl jarfu biawfblahsfb sb fhbasl fddsf
changing screen n.1 of Arduino n.4
new sentence is ioioiooiooiiooii
changing screen n.3 of Arduino n.4
new sentence is ciao gino
changing screen n.0 of Arduino n.1
new sentence is sasdsadasfsdf kjafoiuabf jdsafb ljadfl jarfu biawfblahsfb sb fhbasl fddsf
changing screen n.6 of Arduino n.0
new sentence is adesso posso aggiungere un nuovo messaggio
changing screen n.3 of Arduino n.1
new sentence is ciao gino
changing screen n.1 of Arduino n.1
new sentence is adesso posso aggiungere un nuovo messaggio
changing screen n.7 of Arduino n.3
new sentence is sasdsadasfsdf kjafoiuabf jdsafb ljadfl jarfu biawfblahsfb sb fhbasl fddsf
changing screen n.3 of Arduino n.2
new sentence is ciao gino
changing screen n.6 of Arduino n.4
new sentence is sasdsadasfsdf kjafoiuabf jdsafb ljadfl jarfu biawfblahsfb sb fhbasl fddsf
changing screen n.5 of Arduino n.1
new sentence is ciao gino
changing screen n.2 of Arduino n.1
new sentence is adesso posso aggiungere un nuovo messaggio
changing screen n.4 of Arduino n.3
new sentence is sasdsadasfsdf kjafoiuabf jdsafb ljadfl jarfu biawfblahsfb sb fhbasl fddsf
changing screen n.2 of Arduino n.3
mqtt client has connected!
changing screen n.5 of Arduino n.3
mqtt client has connected!
leaf backend is listening on port 3000!
changing screen n.7 of Arduino n.1
new sentence is ioioiooiooiiooii
changing screen n.5 of Arduino n.2
new sentence is ciao gino
changing screen n.3 of Arduino n.2
new sentence is sasdsadasfsdf kjafoiuabf jdsafb ljadfl jarfu biawfblahsfb sb fhbasl fddsf
changing screen n.2 of Arduino n.0
new sentence is ioioiooiooiiooii
changing screen n.5 of Arduino n.4
new sentence is ciao gino
changing screen n.2 of Arduino n.4
new sentence is ciao gino
changing screen n.1 of Arduino n.4
new sentence is adesso posso aggiungere un nuovo messaggio
changing screen n.6 of Arduino n.2
new sentence is ciao gino
changing screen n.4 of Arduino n.2
new sentence is adesso posso aggiungere un nuovo messaggio
changing screen n.5 of Arduino n.0
new sentence is ciao gino
mqtt client has connected!
leaf backend is listening on port 3000!
changing screen n.4 of Arduino n.1
new sentence is sasdsadasfsdf kjafoiuabf jdsafb ljadfl jarfu biawfblahsfb sb fhbasl fddsf
changing screen n.4 of Arduino n.1
new sentence is ciao gino
changing screen n.0 of Arduino n.2
new sentence is adesso posso aggiungere un nuovo messaggio
changing screen n.3 of Arduino n.1
new sentence is adesso posso aggiungere un nuovo messaggio
changing screen n.4 of Arduino n.4
new sentence is sasdsadasfsdf kjafoiuabf jdsafb ljadfl jarfu biawfblahsfb sb fhbasl fddsf
changing screen n.3 of Arduino n.4
new sentence is ciao gino
mqtt client has connected!
changing screen n.4 of Arduino n.4
mqtt client has connected!
leaf backend is listening on port 3000!
changing screen n.6 of Arduino n.0
new sentence is ciao gino
changing screen n.2 of Arduino n.4
new sentence is sasdsadasfsdf kjafoiuabf jdsafb ljadfl jarfu biawfblahsfb sb fhbasl fddsf
changing screen n.6 of Arduino n.1
new sentence is adesso posso aggiungere un nuovo messaggio
changing screen n.2 of Arduino n.1
new sentence is sasdsadasfsdf kjafoiuabf jdsafb ljadfl jarfu biawfblahsfb sb fhbasl fddsf
changing screen n.0 of Arduino n.1
new sentence is sasdsadasfsdf kjafoiuabf jdsafb ljadfl jarfu biawfblahsfb sb fhbasl fddsf
changing screen n.1 of Arduino n.2
new sentence is adesso posso aggiungere un nuovo messaggio
changing screen n.6 of Arduino n.3
new sentence is adesso posso aggiungere un nuovo messaggio
changing screen n.7 of Arduino n.1
new sentence is ciao gino
changing screen n.1 of Arduino n.2
new sentence is sasdsadasfsdf kjafoiuabf jdsafb ljadfl jarfu biawfblahsfb sb fhbasl fddsf
changing screen n.5 of Arduino n.1
new sentence is adesso posso aggiungere un nuovo messaggio
changing screen n.0 of Arduino n.3
new sentence is adesso posso aggiungere un nuovo messaggio
changing screen n.1 of Arduino n.0
new sentence is ciao gino
changing screen n.5 of Arduino n.2
new sentence is ioioiooiooiiooii
changing screen n.7 of Arduino n.0
new sentence is sasdsadasfsdf kjafoiuabf jdsafb ljadfl jarfu biawfblahsfb sb fhbasl fddsf
changing screen n.5 of Arduino n.3
new sentence is ioioiooiooiiooii
changing screen n.5 of Arduino n.3
new sentence is ciao gino
changing screen n.7 of Arduino n.2
new sentence is ciao gino
changing screen n.0 of Arduino n.1
new sentence is ciao gino
changing screen n.7 of Arduino n.1
new sentence is sasdsadasfsdf kjafoiuabf jdsafb ljadfl jarfu biawfblahsfb sb fhbasl fddsf
changing screen n.0 of Arduino n.0
new sentence is adesso posso aggiungere un nuovo messaggio
changing screen n.0 of Arduino n.2
new sentence is adesso posso aggiungere un nuovo messaggio
changing screen n.0 of Arduino n.1
new sentence is sasdsadasfsdf kjafoiuabf jdsafb ljadfl jarfu biawfblahsfb sb fhbasl fddsf
changing screen n.7 of Arduino n.4
new sentence is ciao gino
changing screen n.4 of Arduino n.1
new sentence is sasdsadasfsdf kjafoiuabf jdsafb ljadfl jarfu biawfblahsfb sb fhbasl fddsf
changing screen n.0 of Arduino n.1
new sentence is sasdsadasfsdf kjafoiuabf jdsafb ljadfl jarfu biawfblahsfb sb fhbasl fddsf
changing screen n.6 of Arduino n.4
new sentence is sasdsadasfsdf kjafoiuabf jdsafb ljadfl jarfu biawfblahsfb sb fhbasl fddsf
changing screen n.2 of Arduino n.3
new sentence is adesso posso aggiungere un nuovo messaggio
changing screen n.1 of Arduino n.3
new sentence is adesso posso aggiungere un nuovo messaggio
changing screen n.0 of Arduino n.2
new sentence is ioioiooiooiiooii
changing screen n.7 of Arduino n.3
new sentence is ioioiooiooiiooii
changing screen n.1 of Arduino n.2
new sentence is ciao gino
changing screen n.1 of Arduino n.0
new sentence is sasdsadasfsdf kjafoiuabf jdsafb ljadfl jarfu biawfblahsfb sb fhbasl fddsf
changing screen n.5 of Arduino n.1
new sentence is sasdsadasfsdf kjafoiuabf jdsafb ljadfl jarfu biawfblahsfb sb fhbasl fddsf
changing screen n.3 of Arduino n.4
new sentence is ciao gino
changing screen n.2 of Arduino n.2
new sentence is ioioiooiooiiooii
changing screen n.5 of Arduino n.4
new sentence is ioioiooiooiiooii
changing screen n.5 of Arduino n.2
new sentence is ioioiooiooiiooii
changing screen n.0 of Arduino n.0
new sentence is ioioiooiooiiooii
changing screen n.3 of Arduino n.4
new sentence is ciao gino
changing screen n.6 of Arduino n.4
new sentence is adesso posso aggiungere un nuovo messaggio
changing screen n.5 of Arduino n.2
new sentence is ciao gino
changing screen n.5 of Arduino n.4
new sentence is sasdsadasfsdf kjafoiuabf jdsafb ljadfl jarfu biawfblahsfb sb fhbasl fddsf
changing screen n.6 of Arduino n.0
new sentence is adesso posso aggiungere un nuovo messaggio
changing screen n.3 of Arduino n.4
new sentence is adesso posso aggiungere un nuovo messaggio
changing screen n.6 of Arduino n.4
new sentence is ciao gino
changing screen n.5 of Arduino n.4
new sentence is ciao gino
changing screen n.4 of Arduino n.4
new sentence is ciao gino
changing screen n.1 of Arduino n.0
new sentence is ioioiooiooiiooii
changing screen n.7 of Arduino n.3
new sentence is sasdsadasfsdf kjafoiuabf jdsafb ljadfl jarfu biawfblahsfb sb fhbasl fddsf
changing screen n.6 of Arduino n.1
new sentence is adesso posso aggiungere un nuovo messaggio
changing screen n.4 of Arduino n.4
new sentence is sasdsadasfsdf kjafoiuabf jdsafb ljadfl jarfu biawfblahsfb sb fhbasl fddsf
changing screen n.1 of Arduino n.3
new sentence is ioioiooiooiiooii
changing screen n.4 of Arduino n.4
new sentence is adesso posso aggiungere un nuovo messaggio
changing screen n.6 of Arduino n.0
new sentence is ioioiooiooiiooii
changing screen n.2 of Arduino n.0
new sentence is ciao gino
changing screen n.6 of Arduino n.0
new sentence is adesso posso aggiungere un nuovo messaggio
changing screen n.7 of Arduino n.4
new sentence is ioioiooiooiiooii
changing screen n.3 of Arduino n.0
new sentence is sasdsadasfsdf kjafoiuabf jdsafb ljadfl jarfu biawfblahsfb sb fhbasl fddsf
changing screen n.5 of Arduino n.3
new sentence is ioioiooiooiiooii
changing screen n.4 of Arduino n.0
new sentence is adesso posso aggiungere un nuovo messaggio
changing screen n.0 of Arduino n.4
new sentence is sasdsadasfsdf kjafoiuabf jdsafb ljadfl jarfu biawfblahsfb sb fhbasl fddsf
changing screen n.2 of Arduino n.1
new sentence is ciao gino
changing screen n.2 of Arduino n.2
new sentence is sasdsadasfsdf kjafoiuabf jdsafb ljadfl jarfu biawfblahsfb sb fhbasl fddsf
changing screen n.7 of Arduino n.4
new sentence is ioioiooiooiiooii
changing screen n.7 of Arduino n.2
new sentence is sasdsadasfsdf kjafoiuabf jdsafb ljadfl jarfu biawfblahsfb sb fhbasl fddsf
changing screen n.0 of Arduino n.0
new sentence is ioioiooiooiiooii
changing screen n.0 of Arduino n.4
new sentence is ioioiooiooiiooii
changing screen n.1 of Arduino n.2
new sentence is ciao gino
changing screen n.3 of Arduino n.3
new sentence is ioioiooiooiiooii
changing screen n.6 of Arduino n.3
new sentence is adesso posso aggiungere un nuovo messaggio
changing screen n.7 of Arduino n.3
new sentence is ioioiooiooiiooii
changing screen n.4 of Arduino n.0
new sentence is ciao gino
changing screen n.2 of Arduino n.3
new sentence is ciao gino
changing screen n.1 of Arduino n.0
new sentence is ciao gino
changing screen n.2 of Arduino n.3
new sentence is ioioiooiooiiooii
changing screen n.0 of Arduino n.3
new sentence is sasdsadasfsdf kjafoiuabf jdsafb ljadfl jarfu biawfblahsfb sb fhbasl fddsf
changing screen n.1 of Arduino n.1
new sentence is sasdsadasfsdf kjafoiuabf jdsafb ljadfl jarfu biawfblahsfb sb fhbasl fddsf
changing screen n.2 of Arduino n.4
new sentence is ioioiooiooiiooii
changing screen n.0 of Arduino n.4
new sentence is sasdsadasfsdf kjafoiuabf jdsafb ljadfl jarfu biawfblahsfb sb fhbasl fddsf
changing screen n.5 of Arduino n.2
new sentence is ioioiooiooiiooii
changing screen n.4 of Arduino n.0
new sentence is ciao gino
changing screen n.7 of Arduino n.3
new sentence is adesso posso aggiungere un nuovo messaggio
changing screen n.7 of Arduino n.2
new sentence is adesso posso aggiungere un nuovo messaggio
changing screen n.5 of Arduino n.4
new sentence is sasdsadasfsdf kjafoiuabf jdsafb ljadfl jarfu biawfblahsfb sb fhbasl fddsf
changing screen n.4 of Arduino n.0
new sentence is sasdsadasfsdf kjafoiuabf jdsafb ljadfl jarfu biawfblahsfb sb fhbasl fddsf
changing screen n.5 of Arduino n.3
new sentence is ioioiooiooiiooii
changing screen n.7 of Arduino n.2
new sentence is ioioiooiooiiooii
changing screen n.2 of Arduino n.3
new sentence is ciao gino
changing screen n.3 of Arduino n.1
new sentence is adesso posso aggiungere un nuovo messaggio
changing screen n.2 of Arduino n.4
new sentence is ioioiooiooiiooii
changing screen n.3 of Arduino n.3
new sentence is sasdsadasfsdf kjafoiuabf jdsafb ljadfl jarfu biawfblahsfb sb fhbasl fddsf
changing screen n.0 of Arduino n.0
new sentence is ioioiooiooiiooii
changing screen n.7 of Arduino n.1
new sentence is ioioiooiooiiooii
changing screen n.1 of Arduino n.2
new sentence is ciao gino
changing screen n.2 of Arduino n.4
